Determining if the pthread_create exist failed with the following output:
Change Dir: /home/maus/lab/lab-08-asio-client/cmake-build-debug/CMakeFiles/CMakeTmp

Run Build Command(s):/usr/bin/make cmTC_35551/fast 
/usr/bin/make -f CMakeFiles/cmTC_35551.dir/build.make CMakeFiles/cmTC_35551.dir/build
make[1]: вход в каталог «/home/maus/lab/lab-08-asio-client/cmake-build-debug/CMakeFiles/CMakeTmp»
Building C object CMakeFiles/cmTC_35551.dir/CheckSymbolExists.c.o
/usr/bin/cc    -o CMakeFiles/cmTC_35551.dir/CheckSymbolExists.c.o   -c /home/maus/lab/lab-08-asio-client/cmake-build-debug/CMakeFiles/CMakeTmp/CheckSymbolExists.c
Linking C executable cmTC_35551
/home/maus/jetbrains/clion-2019.1.3/bin/cmake/linux/bin/cmake -E cmake_link_script CMakeFiles/cmTC_35551.dir/link.txt --verbose=1
/usr/bin/cc      CMakeFiles/cmTC_35551.dir/CheckSymbolExists.c.o  -o cmTC_35551 
CMakeFiles/cmTC_35551.dir/CheckSymbolExists.c.o: In function `main':
CheckSymbolExists.c:(.text+0x1b): undefined reference to `pthread_create'
collect2: error: ld returned 1 exit status
CMakeFiles/cmTC_35551.dir/build.make:86: recipe for target 'cmTC_35551' failed
make[1]: *** [cmTC_35551] Error 1
make[1]: выход из каталога «/home/maus/lab/lab-08-asio-client/cmake-build-debug/CMakeFiles/CMakeTmp»
Makefile:121: recipe for target 'cmTC_35551/fast' failed
make: *** [cmTC_35551/fast] Error 2

File /home/maus/lab/lab-08-asio-client/cmake-build-debug/CMakeFiles/CMakeTmp/CheckSymbolExists.c:
/* */
#include <pthread.h>

int main(int argc, char** argv)
{
  (void)argv;
#ifndef pthread_create
  return ((int*)(&pthread_create))[argc];
#else
  (void)argc;
  return 0;
#endif
}

Determining if the function pthread_create exists in the pthreads failed with the following output:
Change Dir: /home/maus/lab/lab-08-asio-client/cmake-build-debug/CMakeFiles/CMakeTmp

Run Build Command(s):/usr/bin/make cmTC_fc41e/fast 
/usr/bin/make -f CMakeFiles/cmTC_fc41e.dir/build.make CMakeFiles/cmTC_fc41e.dir/build
make[1]: вход в каталог «/home/maus/lab/lab-08-asio-client/cmake-build-debug/CMakeFiles/CMakeTmp»
Building C object CMakeFiles/cmTC_fc41e.dir/CheckFunctionExists.c.o
/usr/bin/cc   -DCHECK_FUNCTION_EXISTS=pthread_create   -o CMakeFiles/cmTC_fc41e.dir/CheckFunctionExists.c.o   -c /home/maus/jetbrains/clion-2019.1.3/bin/cmake/linux/share/cmake-3.14/Modules/CheckFunctionExists.c
Linking C executable cmTC_fc41e
/home/maus/jetbrains/clion-2019.1.3/bin/cmake/linux/bin/cmake -E cmake_link_script CMakeFiles/cmTC_fc41e.dir/link.txt --verbose=1
/usr/bin/cc  -DCHECK_FUNCTION_EXISTS=pthread_create    CMakeFiles/cmTC_fc41e.dir/CheckFunctionExists.c.o  -o cmTC_fc41e -lpthreads 
/usr/bin/ld: cannot find -lpthreads
collect2: error: ld returned 1 exit status
CMakeFiles/cmTC_fc41e.dir/build.make:86: recipe for target 'cmTC_fc41e' failed
make[1]: *** [cmTC_fc41e] Error 1
make[1]: выход из каталога «/home/maus/lab/lab-08-asio-client/cmake-build-debug/CMakeFiles/CMakeTmp»
Makefile:121: recipe for target 'cmTC_fc41e/fast' failed
make: *** [cmTC_fc41e/fast] Error 2


